2025-12-04T16:52:06.012Z - GET / - Status: 404 - Duration: 27ms - IP: ::1 - User: anonymous
2025-12-04T16:52:08.604Z - GET / - Status: 404 - Duration: 5ms - IP: ::1 - User: anonymous
2025-12-04T16:52:09.709Z - GET / - Status: 404 - Duration: 4ms - IP: ::1 - User: anonymous
2025-12-04T16:52:10.752Z - GET / - Status: 404 - Duration: 31ms - IP: ::1 - User: anonymous
2025-12-04T16:52:52.151Z - GET / - Status: 404 - Duration: 6ms - IP: ::1 - User: anonymous
2025-12-04T16:53:21.409Z - GET /login - Status: 404 - Duration: 7ms - IP: ::1 - User: anonymous
2025-12-04T16:53:33.174Z - GET /api/login - Status: 404 - Duration: 8ms - IP: ::1 - User: anonymous
2025-12-04T16:54:50.007Z - GET /assign-applications - Status: 404 - Duration: 6ms - IP: ::1 - User: anonymous
2025-12-04T16:54:52.482Z - GET /assign-applications - Status: 404 - Duration: 6ms - IP: ::1 - User: anonymous
2025-12-04T16:56:24.167Z - GET /healthStatus - Status: 404 - Duration: 7ms - IP: ::1 - User: anonymous
2025-12-04T16:56:37.774Z - GET /health - Status: 200 - Duration: 2ms - IP: ::1 - User: anonymous
2025-12-04T16:57:14.143Z - GET /api/applications - Status: 401 - Duration: 2ms - IP: ::1 - User: anonymous
2025-12-04T16:57:28.740Z - GET /api/auth - Status: 404 - Duration: 5ms - IP: ::1 - User: anonymous
2025-12-04T16:57:41.925Z - GET /api - Status: 404 - Duration: 8ms - IP: ::1 - User: anonymous
2025-12-04T16:57:48.003Z - GET /health - Status: 200 - Duration: 2ms - IP: ::1 - User: anonymous
2025-12-04T16:58:06.494Z - GET /api/users - Status: 401 - Duration: 1ms - IP: ::1 - User: anonymous
2025-12-04T22:57:22.104Z - GET /health - Status: 200 - Duration: 87ms - IP: ::1 - User: anonymous
2025-12-04T22:59:40.413Z - GET /health - Status: 200 - Duration: 3ms - IP: ::1 - User: anonymous
2025-12-04T22:59:42.686Z - GET /favicon.ico - Status: 404 - Duration: 51ms - IP: ::1 - User: anonymous
2025-12-04T23:34:41.320Z - GET /api/applications/submit - Status: 401 - Duration: 308ms - IP: ::1 - User: anonymous
2025-12-04T23:36:04.338Z - POST /api/applications/submit - Status: 400 - Duration: 205ms - IP: ::1 - User: anonymous
2025-12-04T23:36:33.515Z - POST /api/applications/submit - Status: 201 - Duration: 584ms - IP: ::1 - User: anonymous
2025-12-04T23:37:37.613Z - POST /api/applications/submit - Status: 400 - Duration: 172ms - IP: ::1 - User: anonymous
2025-12-04T23:37:52.775Z - POST /api/applications/submit - Status: 201 - Duration: 539ms - IP: ::1 - User: anonymous
2025-12-05T00:25:52.943Z - GET /api/applications/69321b504caadc2e572042b1 - Status: 401 - Duration: 12ms - IP: ::1 - User: anonymous
2025-12-05T00:26:04.125Z - GET /api/applications/ - Status: 401 - Duration: 2ms - IP: ::1 - User: anonymous
2025-12-05T00:26:09.322Z - GET /api/applications - Status: 401 - Duration: 1ms - IP: ::1 - User: anonymous
2025-12-05T00:26:26.693Z - GET /health - Status: 200 - Duration: 2ms - IP: ::1 - User: anonymous
2025-12-05T00:30:40.465Z - GET /health - Status: 200 - Duration: 2ms - IP: ::1 - User: anonymous
2025-12-05T00:31:03.048Z - GET /api/applications/submit - Status: 401 - Duration: 2ms - IP: ::1 - User: anonymous
2025-12-05T00:31:12.546Z - POST /api/applications/submit - Status: 201 - Duration: 586ms - IP: ::1 - User: anonymous
2025-12-05T00:43:39.397Z - POST /api/applications/submit - Status: 201 - Duration: 645ms - IP: ::1 - User: anonymous
2025-12-05T00:44:08.438Z - POST /api/auth/login - Status: 401 - Duration: 183ms - IP: ::1 - User: anonymous
2025-12-05T11:41:06.958Z - POST /api/applications/submit - Status: 400 - Duration: 236ms - IP: ::1 - User: anonymous
2025-12-05T11:41:12.482Z - POST /api/applications/submit - Status: 400 - Duration: 189ms - IP: ::1 - User: anonymous
2025-12-05T11:41:37.798Z - POST /api/applications/submit - Status: 400 - Duration: 326ms - IP: ::1 - User: anonymous
2025-12-05T11:41:45.639Z - POST /api/applications/submit - Status: 400 - Duration: 266ms - IP: ::1 - User: anonymous
2025-12-05T11:41:46.857Z - POST /api/applications/submit - Status: 400 - Duration: 198ms - IP: ::1 - User: anonymous
2025-12-05T11:41:48.110Z - POST /api/applications/submit - Status: 400 - Duration: 192ms - IP: ::1 - User: anonymous
2025-12-05T11:42:16.227Z - GET /api/applications - Status: 401 - Duration: 2ms - IP: ::1 - User: anonymous
2025-12-05T16:10:56.024Z - POST /api/applications/submit - Status: 400 - Duration: 320ms - IP: ::1 - User: anonymous
2025-12-05T16:11:01.709Z - POST /api/applications/submit - Status: 400 - Duration: 237ms - IP: ::1 - User: anonymous
2025-12-05T16:11:34.294Z - POST /api/applications/submit - Status: 201 - Duration: 2146ms - IP: ::1 - User: anonymous
2025-12-05T16:12:23.896Z - POST /api/auth/login - Status: 401 - Duration: 629ms - IP: ::1 - User: anonymous
2025-12-05T16:12:39.033Z - POST /api/auth/login - Status: 200 - Duration: 836ms - IP: ::1 - User: anonymous
2025-12-05T22:53:43.060Z - POST /api/auth/login - Status: 401 - Duration: 642ms - IP: ::1 - User: anonymous
2025-12-05T22:53:46.385Z - POST /api/auth/login - Status: 401 - Duration: 197ms - IP: ::1 - User: anonymous
2025-12-05T22:53:52.231Z - POST /api/auth/login - Status: 401 - Duration: 205ms - IP: ::1 - User: anonymous
2025-12-05T22:54:02.201Z - POST /api/auth/login - Status: 401 - Duration: 205ms - IP: ::1 - User: anonymous
2025-12-05T22:54:30.987Z - POST /api/auth/login - Status: 401 - Duration: 2506ms - IP: ::1 - User: anonymous
2025-12-05T22:54:33.971Z - POST /api/auth/login - Status: 401 - Duration: 1009ms - IP: ::1 - User: anonymous
2025-12-05T22:56:17.807Z - POST /api/auth/login - Status: 401 - Duration: 261ms - IP: ::1 - User: anonymous
2025-12-05T22:59:52.006Z - POST /api/applications/submit - Status: 201 - Duration: 1580ms - IP: ::1 - User: anonymous
2025-12-05T23:03:23.224Z - POST /api/auth/login - Status: 200 - Duration: 1538ms - IP: ::1 - User: anonymous
2025-12-06T01:54:11.824Z - POST /api/applications/submit - Status: 400 - Duration: 1193ms - IP: ::1 - User: anonymous
2025-12-06T01:54:26.676Z - POST /api/applications/submit - Status: 201 - Duration: 2520ms - IP: ::1 - User: anonymous
2025-12-06T01:56:29.002Z - POST /api/applications/submit - Status: 201 - Duration: 1941ms - IP: ::1 - User: anonymous
2025-12-06T08:53:05.320Z - POST /api/applications/submit - Status: 201 - Duration: 2742ms - IP: ::1 - User: anonymous
2025-12-06T08:53:30.710Z - POST /api/auth/login - Status: 200 - Duration: 874ms - IP: ::1 - User: anonymous
2025-12-06T18:00:03.346Z - POST /api/applications/submit - Status: 201 - Duration: 2058ms - IP: ::1 - User: anonymous
2025-12-06T18:00:14.283Z - POST /api/payments/initialize - Status: 401 - Duration: 3ms - IP: ::1 - User: anonymous
2025-12-06T18:08:04.199Z - POST /api/auth/login - Status: 200 - Duration: 1366ms - IP: ::1 - User: anonymous
2025-12-06T18:08:27.335Z - POST /api/auth/login - Status: 401 - Duration: 356ms - IP: ::1 - User: anonymous
2025-12-06T18:09:20.496Z - POST /api/auth/login - Status: 200 - Duration: 1389ms - IP: ::1 - User: anonymous
2025-12-06T18:09:48.609Z - POST /api/auth/login - Status: 401 - Duration: 191ms - IP: ::1 - User: anonymous
2025-12-06T18:09:49.516Z - POST /api/auth/login - Status: 401 - Duration: 184ms - IP: ::1 - User: anonymous
2025-12-06T18:09:50.693Z - POST /api/auth/login - Status: 401 - Duration: 171ms - IP: ::1 - User: anonymous
2025-12-06T18:10:53.907Z - POST /api/auth/login - Status: 200 - Duration: 1212ms - IP: ::1 - User: anonymous
2025-12-06T18:13:04.929Z - POST /api/auth/login - Status: 200 - Duration: 890ms - IP: ::1 - User: anonymous
2025-12-06T21:40:38.664Z - POST /api/applications/submit - Status: 400 - Duration: 24547ms - IP: ::1 - User: anonymous
2025-12-06T22:43:38.400Z - POST /api/applications/submit - Status: 201 - Duration: 1911ms - IP: ::1 - User: anonymous
2025-12-06T22:43:57.324Z - POST /api/payments/initialize - Status: 401 - Duration: 2ms - IP: ::1 - User: anonymous
2025-12-06T22:44:02.557Z - POST /api/payments/initialize - Status: 401 - Duration: 2ms - IP: ::1 - User: anonymous
2025-12-06T22:44:24.406Z - POST /api/auth/login - Status: 401 - Duration: 815ms - IP: ::1 - User: anonymous
2025-12-06T22:44:34.064Z - POST /api/auth/login - Status: 401 - Duration: 713ms - IP: ::1 - User: anonymous
2025-12-07T17:03:27.618Z - POST /api/applications/submit - Status: 201 - Duration: 3093ms - IP: ::1 - User: anonymous
2025-12-07T17:03:30.842Z - POST /api/payments/initialize - Status: 401 - Duration: 5ms - IP: ::1 - User: anonymous
2025-12-07T17:04:37.377Z - POST /api/payments/initialize - Status: 401 - Duration: 13ms - IP: ::1 - User: anonymous
2025-12-07T17:04:56.639Z - GET /api/payments/test - Status: 200 - Duration: 13ms - IP: ::1 - User: anonymous
2025-12-07T17:05:49.770Z - POST /api/payments/initialize - Status: 401 - Duration: 9ms - IP: ::1 - User: anonymous
2025-12-07T17:07:17.548Z - POST /api/payments/initialize - Status: 500 - Duration: 22ms - IP: ::1 - User: anonymous
2025-12-07T17:14:54.353Z - POST /api/payments/initialize - Status: 500 - Duration: 2576ms - IP: ::1 - User: anonymous
2025-12-07T17:17:52.145Z - POST /api/payments/initialize - Status: 500 - Duration: 976ms - IP: ::1 - User: anonymous
2025-12-07T21:04:51.825Z - POST /api/payments/initialize - Status: 200 - Duration: 1449ms - IP: ::1 - User: anonymous
2025-12-07T21:08:45.097Z - POST /api/applications/submit - Status: 400 - Duration: 267ms - IP: ::1 - User: anonymous
2025-12-07T21:09:26.676Z - POST /api/applications/submit - Status: 201 - Duration: 1516ms - IP: ::1 - User: anonymous
2025-12-07T21:09:53.692Z - POST /api/payments/initialize - Status: 500 - Duration: 732ms - IP: ::1 - User: anonymous
2025-12-07T21:09:56.979Z - POST /api/payments/initialize - Status: 200 - Duration: 1373ms - IP: ::1 - User: anonymous
2025-12-07T21:14:32.006Z - POST /api/applications/submit - Status: 201 - Duration: 2220ms - IP: ::1 - User: anonymous
2025-12-07T21:14:41.697Z - POST /api/payments/initialize - Status: 500 - Duration: 735ms - IP: ::1 - User: anonymous
2025-12-07T21:14:46.496Z - POST /api/payments/initialize - Status: 200 - Duration: 1327ms - IP: ::1 - User: anonymous
2025-12-07T22:11:27.826Z - POST /api/applications/submit - Status: 201 - Duration: 2137ms - IP: ::1 - User: anonymous
2025-12-07T22:11:36.286Z - POST /api/payments/initialize - Status: 500 - Duration: 905ms - IP: ::1 - User: anonymous
2025-12-07T22:11:40.988Z - POST /api/payments/initialize - Status: 200 - Duration: 1904ms - IP: ::1 - User: anonymous
2025-12-08T11:11:58.984Z - POST /api/auth/login - Status: 200 - Duration: 1406ms - IP: ::1 - User: anonymous
2025-12-08T11:12:19.375Z - POST /api/auth/login - Status: 200 - Duration: 1221ms - IP: ::1 - User: anonymous
2025-12-08T11:13:17.388Z - POST /api/auth/login - Status: 401 - Duration: 299ms - IP: ::1 - User: anonymous
2025-12-08T11:13:19.362Z - POST /api/auth/login - Status: 401 - Duration: 297ms - IP: ::1 - User: anonymous
2025-12-08T11:13:20.713Z - POST /api/auth/login - Status: 401 - Duration: 393ms - IP: ::1 - User: anonymous
2025-12-08T11:13:37.929Z - POST /api/auth/login - Status: 401 - Duration: 469ms - IP: ::1 - User: anonymous
2025-12-08T11:14:27.319Z - POST /api/auth/login - Status: 401 - Duration: 2721ms - IP: ::1 - User: anonymous
2025-12-08T11:15:06.463Z - POST /api/auth/login - Status: 200 - Duration: 895ms - IP: ::1 - User: anonymous
2025-12-08T11:20:55.020Z - POST /api/auth/login - Status: 200 - Duration: 850ms - IP: ::1 - User: anonymous
2025-12-08T11:21:26.445Z - POST /api/auth/login - Status: 401 - Duration: 6450ms - IP: ::1 - User: anonymous
2025-12-08T11:22:10.178Z - POST /api/auth/login - Status: 401 - Duration: 705ms - IP: ::1 - User: anonymous
2025-12-08T11:22:34.318Z - POST /api/auth/login - Status: 200 - Duration: 3067ms - IP: ::1 - User: anonymous
2025-12-08T11:24:34.269Z - POST /api/auth/login - Status: 200 - Duration: 5372ms - IP: ::1 - User: anonymous
2025-12-08T11:24:36.134Z - GET /api/dashboard/stats - Status: 401 - Duration: 5ms - IP: ::1 - User: anonymous
2025-12-08T11:28:01.831Z - POST /api/auth/login - Status: 200 - Duration: 912ms - IP: ::1 - User: anonymous
2025-12-08T11:28:01.923Z - GET /api/dashboard/stats - Status: 401 - Duration: 3ms - IP: ::1 - User: anonymous
2025-12-08T11:28:08.007Z - GET /api/applications/user?page=1&limit=10 - Status: 401 - Duration: 10ms - IP: ::1 - User: anonymous
2025-12-08T11:28:10.163Z - GET /api/payments/history?page=1&limit=10 - Status: 200 - Duration: 452ms - IP: ::1 - User: anonymous
2025-12-08T11:28:37.242Z - POST /api/auth/login - Status: 200 - Duration: 849ms - IP: ::1 - User: anonymous
2025-12-08T11:28:37.320Z - GET /api/dashboard/stats - Status: 401 - Duration: 2ms - IP: ::1 - User: anonymous
2025-12-08T11:28:56.901Z - GET /api/payments/history?page=1&limit=10 - Status: 304 - Duration: 389ms - IP: ::1 - User: anonymous
2025-12-08T11:29:06.474Z - GET /api/applications/user?page=1&limit=10 - Status: 401 - Duration: 2ms - IP: ::1 - User: anonymous
2025-12-08T11:29:08.264Z - GET /api/dashboard/stats - Status: 401 - Duration: 2ms - IP: ::1 - User: anonymous
2025-12-08T14:34:43.655Z - POST /api/auth/login - Status: 200 - Duration: 2487ms - IP: ::1 - User: anonymous
2025-12-08T14:34:43.940Z - GET /api/dashboard/stats - Status: 401 - Duration: 3ms - IP: ::1 - User: anonymous
2025-12-08T14:36:21.772Z - POST /api/auth/login - Status: 200 - Duration: 1366ms - IP: ::1 - User: anonymous
2025-12-08T14:36:21.851Z - GET /api/dashboard/stats - Status: 401 - Duration: 2ms - IP: ::1 - User: anonymous
2025-12-08T16:22:05.702Z - POST /api/auth/login - Status: 200 - Duration: 2154ms - IP: ::1 - User: anonymous
2025-12-08T16:22:05.842Z - GET /api/dashboard/stats - Status: 401 - Duration: 4ms - IP: ::1 - User: anonymous
2025-12-08T16:22:21.215Z - GET /api/applications/user?page=1&limit=10 - Status: 401 - Duration: 4ms - IP: ::1 - User: anonymous
2025-12-08T16:22:22.820Z - GET /api/payments/history?page=1&limit=10 - Status: 304 - Duration: 443ms - IP: ::1 - User: anonymous
2025-12-08T17:38:33.756Z - POST /api/applications/submit - Status: 201 - Duration: 1748ms - IP: ::1 - User: anonymous
2025-12-08T17:38:43.753Z - POST /api/payments/initialize - Status: 500 - Duration: 799ms - IP: ::1 - User: anonymous
2025-12-08T17:38:49.845Z - POST /api/payments/initialize - Status: 200 - Duration: 1502ms - IP: ::1 - User: anonymous
2025-12-08T19:09:20.190Z - POST /api/applications/submit - Status: 201 - Duration: 5679ms - IP: ::1 - User: anonymous
2025-12-08T19:09:27.262Z - POST /api/payments/initialize - Status: 500 - Duration: 812ms - IP: ::1 - User: anonymous
2025-12-08T19:09:31.034Z - POST /api/payments/initialize - Status: 200 - Duration: 1594ms - IP: ::1 - User: anonymous
2025-12-08T19:12:21.515Z - POST /api/applications/submit - Status: 201 - Duration: 1474ms - IP: ::1 - User: anonymous
2025-12-08T19:12:23.866Z - POST /api/payments/initialize - Status: 500 - Duration: 844ms - IP: ::1 - User: anonymous
2025-12-08T19:12:26.818Z - POST /api/payments/initialize - Status: 200 - Duration: 1445ms - IP: ::1 - User: anonymous
2025-12-08T19:14:17.817Z - POST /api/auth/login - Status: 500 - Duration: 10053ms - IP: ::1 - User: anonymous
2025-12-09T07:29:56.762Z - POST /api/auth/login - Status: 200 - Duration: 2136ms - IP: ::1 - User: anonymous
2025-12-09T07:29:56.991Z - GET /api/dashboard/stats - Status: 401 - Duration: 2ms - IP: ::1 - User: anonymous
2025-12-09T07:30:02.224Z - GET /api/applications/user?page=1&limit=10 - Status: 401 - Duration: 5ms - IP: ::1 - User: anonymous
2025-12-09T07:30:05.486Z - GET /api/payments/history?page=1&limit=10 - Status: 304 - Duration: 1513ms - IP: ::1 - User: anonymous
2025-12-09T07:30:12.185Z - GET /api/applications/user?page=1&limit=10 - Status: 401 - Duration: 4ms - IP: ::1 - User: anonymous
2025-12-09T07:30:13.411Z - GET /api/dashboard/stats - Status: 401 - Duration: 3ms - IP: ::1 - User: anonymous
2025-12-09T14:15:17.450Z - POST /api/auth/login - Status: 200 - Duration: 918ms - IP: ::1 - User: anonymous
2025-12-09T14:15:17.548Z - GET /api/dashboard/stats - Status: 401 - Duration: 3ms - IP: ::1 - User: anonymous
2025-12-09T14:17:15.050Z - POST /api/auth/login - Status: 200 - Duration: 786ms - IP: ::1 - User: anonymous
2025-12-09T14:17:15.136Z - GET /api/dashboard/stats - Status: 401 - Duration: 2ms - IP: ::1 - User: anonymous
2025-12-09T14:32:12.108Z - POST /api/auth/login - Status: 200 - Duration: 3402ms - IP: ::1 - User: anonymous
2025-12-09T14:32:12.215Z - GET /api/dashboard/stats - Status: 401 - Duration: 3ms - IP: ::1 - User: anonymous
2025-12-09T14:41:28.325Z - GET /api/dashboard/stats - Status: 401 - Duration: 4ms - IP: ::1 - User: anonymous
2025-12-09T14:44:59.885Z - GET /api/dashboard/stats - Status: 401 - Duration: 12ms - IP: ::1 - User: anonymous
2025-12-09T14:45:00.639Z - GET /api/applications/user?page=1&limit=10 - Status: 401 - Duration: 8ms - IP: ::1 - User: anonymous
2025-12-09T14:45:05.558Z - GET /api/payments/history?page=1&limit=10 - Status: 304 - Duration: 425ms - IP: ::1 - User: anonymous
2025-12-09T14:51:41.583Z - POST /api/auth/login - Status: 200 - Duration: 954ms - IP: ::1 - User: anonymous
2025-12-09T14:51:41.814Z - GET /api/dashboard/stats - Status: 401 - Duration: 2ms - IP: ::1 - User: anonymous
